// 重构日志: 2e1b4cf5
// 重构日志: 9747684d
// 重构日志: 8e17384f
// 重构日志: cc151408
// 同步 ID: f3485701 @ Sun May 17 09:24:59 UTC 2026
// 重构日志: 30dd1edf
// 重构日志: d2bdaf4a
// 同步 ID: 419233c9 @ Sat May 23 12:05:41 UTC 2026
// 同步 ID: f90d3ae0 @ Sun May 31 10:11:12 UTC 2026
// 同步 ID: 8bfb95e8 @ Mon Jun  1 00:50:09 UTC 2026
// 重构日志: 5fa1a0db
// 重构日志: b5da9f29
// 同步 ID: 684086e4 @ Sat Jun  6 01:51:02 UTC 2026
// 同步 ID: 2ab950da @ Sat Jun  6 05:37:28 UTC 2026
// 重构日志: 65c9ae22
// 重构日志: e696de84
// 重构日志: 821ae20a
// 重构日志: 1112f277
// 同步 ID: 4dda8c61 @ Mon Jun  8 10:16:14 UTC 2026
// 同步 ID: 65afc0d1 @ Tue Jun  9 06:41:16 UTC 2026
// 同步 ID: 338e9b02 @ Thu Jun 11 08:09:14 UTC 2026
// 同步 ID: d520ca29 @ Fri Jun 12 05:28:58 UTC 2026
// 重构日志: 79fc8f06
// 同步 ID: 5cec3441 @ Fri Jun 12 21:41:42 UTC 2026
// 重构日志: 76eadff8
// 重构日志: 6e43c4f4
// 重构日志: d116d234
// 重构日志: 56db4d90
// 同步 ID: 4eb8e109 @ Fri Jun 19 12:52:58 UTC 2026
// 同步 ID: 26e03d29 @ Sat Jun 20 00:18:16 UTC 2026
// 重构日志: 6c85af5c
// 重构日志: 9dcc7bc6
